{"name": "Тест оформления заказа по клику на кнопку 'Заказать' вверху страницы (набор данных[ #2])", "status": "broken", "statusDetails": {"message": "selenium.common.exceptions.TimeoutException: Message: \nStacktrace:\nRemoteError@chrome://remote/content/shared/RemoteError.sys.mjs:8:8\nWebDriverError@chrome://remote/content/shared/webdriver/Errors.sys.mjs:193:5\nNoSuchElementError@chrome://remote/content/shared/webdriver/Errors.sys.mjs:511:5\ndom.find/</<@chrome://remote/content/shared/DOM.sys.mjs:136:16", "trace": "self = <test_order.TestOrderPage object at 0x00000188CA4AAEA0>\ndriver = <selenium.webdriver.firefox.webdriver.WebDriver (session=\"fe30b575-482c-49e1-86eb-063ed6df83ec\")>\n\n    @allure.title(\"Тест оформления заказа по клику на кнопку 'Заказать' вверху страницы (набор данных[ #2])\")\n    @allure.description('''1) Вверху главной странице кликаем на кнопку \"Заказать\";\n                            2) Заполняем данные на странице \"Для кого самокат\";\n                            3) Кликаем на кнопку \"Далее\";\n                            4) Заполняем данные \"Про аренду\";\n                            5) Кликаем на кнопку \"Заказать\";\n                            6) В сплывающем окне подтаерждаем заказ по кнопке \"Да\";\n                            4) Проверяем открытие окна с текстом оформления заказа.''')\n    \n    def test_place_an_order_two(self, driver):\n        order_page = OrderPage(driver)\n        main_page = MainPage(driver)\n        main_page.click_header_order_button()\n        order_page.filling_order_form()\n>       order_page.filling_order_form_next()\n\ntests\\test_order.py:38: \n_ _ _ _ _ _ _ _ _ _ _ _ _ _ _ _ _ _ _ _ _ _ _ _ _ _ _ _ _ _ _ _ _ _ _ _ _ _ _ _ _ _ _ _ _ _ _ _ _ _ _ _ _ _ _ _ _ _ _ _ _ _ _ _ _ _ _ _ _ _ _ _ _ _ _ _ _ _ _ _ _ _ _ \npages\\order_page.py:23: in filling_order_form_next\n    self.click_on_element(OrderPageLocators.DATA_FIELD)\npages\\base_page.py:17: in click_on_element\n    WebDriverWait(self.driver, 5).until(expected_conditions.element_to_be_clickable(locator))\n_ _ _ _ _ _ _ _ _ _ _ _ _ _ _ _ _ _ _ _ _ _ _ _ _ _ _ _ _ _ _ _ _ _ _ _ _ _ _ _ _ _ _ _ _ _ _ _ _ _ _ _ _ _ _ _ _ _ _ _ _ _ _ _ _ _ _ _ _ _ _ _ _ _ _ _ _ _ _ _ _ _ _ \n\nself = <selenium.webdriver.support.wait.WebDriverWait (session=\"fe30b575-482c-49e1-86eb-063ed6df83ec\")>\nmethod = <function element_to_be_clickable.<locals>._predicate at 0x00000188CA91A200>, message = ''\n\n    def until(self, method: Callable[[D], Union[Literal[False], T]], message: str = \"\") -> T:\n        \"\"\"Calls the method provided with the driver as an argument until the \\\n        return value does not evaluate to ``False``.\n    \n        :param method: callable(WebDriver)\n        :param message: optional message for :exc:`TimeoutException`\n        :returns: the result of the last call to `method`\n        :raises: :exc:`selenium.common.exceptions.TimeoutException` if timeout occurs\n        \"\"\"\n        screen = None\n        stacktrace = None\n    \n        end_time = time.monotonic() + self._timeout\n        while True:\n            try:\n                value = method(self._driver)\n                if value:\n                    return value\n            except self._ignored_exceptions as exc:\n                screen = getattr(exc, \"screen\", None)\n                stacktrace = getattr(exc, \"stacktrace\", None)\n            time.sleep(self._poll)\n            if time.monotonic() > end_time:\n                break\n>       raise TimeoutException(message, screen, stacktrace)\nE       selenium.common.exceptions.TimeoutException: Message: \nE       Stacktrace:\nE       RemoteError@chrome://remote/content/shared/RemoteError.sys.mjs:8:8\nE       WebDriverError@chrome://remote/content/shared/webdriver/Errors.sys.mjs:193:5\nE       NoSuchElementError@chrome://remote/content/shared/webdriver/Errors.sys.mjs:511:5\nE       dom.find/</<@chrome://remote/content/shared/DOM.sys.mjs:136:16\n\n.venv\\Lib\\site-packages\\selenium\\webdriver\\support\\wait.py:105: TimeoutException"}, "description": "1) Вверху главной странице кликаем на кнопку \"Заказать\";\n                            2) Заполняем данные на странице \"Для кого самокат\";\n                            3) Кликаем на кнопку \"Далее\";\n                            4) Заполняем данные \"Про аренду\";\n                            5) Кликаем на кнопку \"Заказать\";\n                            6) В сплывающем окне подтаерждаем заказ по кнопке \"Да\";\n                            4) Проверяем открытие окна с текстом оформления заказа.", "steps": [{"name": " Кликаем на кнопку \"Заказать\" в вверху страницы и получаем текст в хедере открывшейся страницы ", "status": "passed", "start": 1715519342068, "stop": 1715519342338}, {"name": "Заполняем первую страницу формы заказа и нажимаем на кнопку \"Далее\"", "status": "passed", "start": 1715519342338, "stop": 1715519343569}, {"name": "Заполняем вторую страницу формы заказа и нажимаем на кнопку \"Заказать\" и кнопку \"Да\" в сплывающем окне подтверждения заказа", "status": "broken", "statusDetails": {"message": "selenium.common.exceptions.TimeoutException: Message: \nStacktrace:\nRemoteError@chrome://remote/content/shared/RemoteError.sys.mjs:8:8\nWebDriverError@chrome://remote/content/shared/webdriver/Errors.sys.mjs:193:5\nNoSuchElementError@chrome://remote/content/shared/webdriver/Errors.sys.mjs:511:5\ndom.find/</<@chrome://remote/content/shared/DOM.sys.mjs:136:16\n\n", "trace": "  File \"D:\\Progs to prog\\Proj\\Sprint_6\\.venv\\Lib\\site-packages\\allure_commons\\_allure.py\", line 192, in impl\n    return func(*a, **kw)\n           ^^^^^^^^^^^^^^\n  File \"D:\\Progs to prog\\Proj\\Sprint_6\\pages\\order_page.py\", line 23, in filling_order_form_next\n    self.click_on_element(OrderPageLocators.DATA_FIELD)\n  File \"D:\\Progs to prog\\Proj\\Sprint_6\\pages\\base_page.py\", line 17, in click_on_element\n    WebDriverWait(self.driver, 5).until(expected_conditions.element_to_be_clickable(locator))\n  File \"D:\\Progs to prog\\Proj\\Sprint_6\\.venv\\Lib\\site-packages\\selenium\\webdriver\\support\\wait.py\", line 105, in until\n    raise TimeoutException(message, screen, stacktrace)\n"}, "start": 1715519343569, "stop": 1715519348629}], "start": 1715519342068, "stop": 1715519348631, "uuid": "2f871f87-0887-4f9c-b5dc-748cf314ff1d", "historyId": "0648c1eb6a15fc689c9db1b0f12afa13", "testCaseId": "0648c1eb6a15fc689c9db1b0f12afa13", "fullName": "tests.test_order.TestOrderPage#test_place_an_order_two", "labels": [{"name": "parentSuite", "value": "tests"}, {"name": "suite", "value": "test_order"}, {"name": "subSuite", "value": "TestOrderPage"}, {"name": "host", "value": "DESKTOP-8VJF26I"}, {"name": "thread", "value": "21740-MainThread"}, {"name": "framework", "value": "pytest"}, {"name": "language", "value": "cpython3"}, {"name": "package", "value": "tests.test_order"}]}